<?xml version="1.0" encoding="UTF-8"?>
<!-- Generated by org.testng.reporters.JUnitXMLReporter -->
<testsuite ignored="0" hostname="PF1AQ5L3" failures="0" tests="4" name="Default test" time="26.659" errors="0" timestamp="2022-03-24T09:24:08 IST">
  <testcase classname="com.springernature.Weborder_E2E_Scenario" name="Login_WebOrder" time="1.363"/>
  <testcase classname="com.springernature.Weborder_E2E_Scenario" name="CreateOrder_UpdateOrder_DeleteOrder" time="4.685"/>
  <testcase classname="com.springernature.Weborder_E2E_Scenario" name="Update_Order" time="6.565"/>
  <testcase classname="com.springernature.Weborder_E2E_Scenario" name="Delet_order" time="5.539"/>
</testsuite> <!-- Default test -->
