<?xml version="1.0" encoding="UTF-8"?>
<testng-results ignored="0" total="4" passed="4" failed="0" skipped="0">
  <reporter-output>
  </reporter-output>
  <suite started-at="2022-03-24T09:23:41 IST" name="Default suite" finished-at="2022-03-24T09:24:08 IST" duration-ms="26659">
    <groups>
    </groups>
    <test started-at="2022-03-24T09:23:41 IST" name="Default test" finished-at="2022-03-24T09:24:08 IST" duration-ms="26659">
      <class name="com.springernature.Weborder_E2E_Scenario">
        <test-method is-config="true" signature="LaunchBrowser()[pri:0, instance:com.springernature.Weborder_E2E_Scenario@316bcf94]" started-at="2022-03-24T09:23:41 IST" name="LaunchBrowser" finished-at="2022-03-24T09:23:49 IST" duration-ms="7844" status="PASS">
          <reporter-output>
          </reporter-output>
        </test-method> <!-- LaunchBrowser -->
        <test-method signature="Login_WebOrder()[pri:1, instance:com.springernature.Weborder_E2E_Scenario@316bcf94]" started-at="2022-03-24T09:23:49 IST" name="Login_WebOrder" finished-at="2022-03-24T09:23:51 IST" duration-ms="1363" status="PASS">
          <reporter-output>
          </reporter-output>
        </test-method> <!-- Login_WebOrder -->
        <test-method signature="CreateOrder_UpdateOrder_DeleteOrder()[pri:2, instance:com.springernature.Weborder_E2E_Scenario@316bcf94]" started-at="2022-03-24T09:23:51 IST" name="CreateOrder_UpdateOrder_DeleteOrder" finished-at="2022-03-24T09:23:55 IST" duration-ms="4685" status="PASS">
          <reporter-output>
          </reporter-output>
        </test-method> <!-- CreateOrder_UpdateOrder_DeleteOrder -->
        <test-method signature="Update_Order()[pri:3, instance:com.springernature.Weborder_E2E_Scenario@316bcf94]" started-at="2022-03-24T09:23:55 IST" name="Update_Order" finished-at="2022-03-24T09:24:02 IST" duration-ms="6565" status="PASS">
          <reporter-output>
          </reporter-output>
        </test-method> <!-- Update_Order -->
        <test-method signature="Delet_order()[pri:4, instance:com.springernature.Weborder_E2E_Scenario@316bcf94]" started-at="2022-03-24T09:24:02 IST" name="Delet_order" finished-at="2022-03-24T09:24:07 IST" duration-ms="5539" status="PASS">
          <reporter-output>
          </reporter-output>
        </test-method> <!-- Delet_order -->
        <test-method is-config="true" signature="CloseBrowser()[pri:0, instance:com.springernature.Weborder_E2E_Scenario@316bcf94]" started-at="2022-03-24T09:24:07 IST" name="CloseBrowser" finished-at="2022-03-24T09:24:08 IST" duration-ms="570" status="PASS">
          <reporter-output>
          </reporter-output>
        </test-method> <!-- CloseBrowser -->
      </class> <!-- com.springernature.Weborder_E2E_Scenario -->
    </test> <!-- Default test -->
  </suite> <!-- Default suite -->
</testng-results>
